<?xml version="1.0" encoding="UTF-8"?>
<!-- Generated by org.testng.reporters.JUnitReportReporter -->
<testsuite hostname="DESKTOP-SSJ1EB0" name="runner.TestRunner" tests="1" failures="0" timestamp="9 Dec 2020 05:48:27 GMT" time="44.981" errors="0">
  <testcase name="runScenario" time="44.981" classname="runner.TestRunner"/>
</testsuite> <!-- runner.TestRunner -->
